<?xml version="1.0" encoding="UTF-8"?>
<testsuite name="com.example.folha.service.TesteBatidasService" tests="10" skipped="0" failures="0" errors="0" timestamp="2021-11-24T00:15:18" hostname="thamires-PC" time="0.275">
  <properties/>
  <testcase name="testValidaMinimoHorarioAlmoco()" classname="com.example.folha.service.TesteBatidasService" time="0.011"/>
  <testcase name="testValidaQuantidadeDeHorarios()" classname="com.example.folha.service.TesteBatidasService" time="0.015"/>
  <testcase name="testValidaHorarioJornadaTrabalho()" classname="com.example.folha.service.TesteBatidasService" time="0.022"/>
  <testcase name="testValidaSabadoException()" classname="com.example.folha.service.TesteBatidasService" time="0.032"/>
  <testcase name="testValidaOrdemHorario()" classname="com.example.folha.service.TesteBatidasService" time="0.018"/>
  <testcase name="testValidaDomingoException()" classname="com.example.folha.service.TesteBatidasService" time="0.022"/>
  <testcase name="testValidaFormatoHorarioException()" classname="com.example.folha.service.TesteBatidasService" time="0.027"/>
  <testcase name="testValidaHorarioJaregistrado()" classname="com.example.folha.service.TesteBatidasService" time="0.023"/>
  <testcase name="testValidaCampoObrigatorio()" classname="com.example.folha.service.TesteBatidasService" time="0.018"/>
  <testcase name="testHorariosRegistradosPorDia()" classname="com.example.folha.service.TesteBatidasService" time="0.017"/>
  <system-out><![CDATA[21:15:18.231 [Test worker] DEBUG org.springframework.test.context.BootstrapUtils - Instantiating CacheAwareContextLoaderDelegate from class [org.springframework.test.context.cache.DefaultCacheAwareContextLoaderDelegate]
21:15:18.231 [Test worker] DEBUG org.springframework.test.context.BootstrapUtils - Instantiating BootstrapContext using constructor [public org.springframework.test.context.support.DefaultBootstrapContext(java.lang.Class,org.springframework.test.context.CacheAwareContextLoaderDelegate)]
21:15:18.233 [Test worker] DEBUG org.springframework.test.context.BootstrapUtils - Instantiating TestContextBootstrapper for test class [com.example.folha.service.TesteBatidasService] from class [org.springframework.test.context.support.DefaultTestContextBootstrapper]
21:15:18.234 [Test worker] DEBUG org.springframework.test.context.support.AbstractDelegatingSmartContextLoader - Delegating to AnnotationConfigContextLoader to process context configuration [ContextConfigurationAttributes@6af4fb41 declaringClass = 'com.example.folha.service.TesteBatidasService', classes = '{class com.example.folha.service.BatidasService}', locations = '{}', inheritLocations = true, initializers = '{}', inheritInitializers = true, name = [null], contextLoaderClass = 'org.springframework.test.context.ContextLoader'].
21:15:18.238 [Test worker] DEBUG org.springframework.test.context.support.ActiveProfilesUtils - Could not find an 'annotation declaring class' for annotation type [org.springframework.test.context.ActiveProfiles] and class [com.example.folha.service.TesteBatidasService]
21:15:18.238 [Test worker] DEBUG org.springframework.test.context.support.DefaultTestContextBootstrapper - @TestExecutionListeners is not present for class [com.example.folha.service.TesteBatidasService]: using defaults.
21:15:18.238 [Test worker] INFO org.springframework.test.context.support.DefaultTestContextBootstrapper - Loaded default TestExecutionListener class names from location [META-INF/spring.factories]: [org.springframework.security.test.context.support.WithSecurityContextTestExecutionListener, org.springframework.security.test.context.support.ReactorContextTestExecutionListener, org.springframework.boot.test.autoconfigure.restdocs.RestDocsTestExecutionListener, org.springframework.boot.test.autoconfigure.web.client.MockRestServiceServerResetTestExecutionListener, org.springframework.boot.test.autoconfigure.web.servlet.MockMvcPrintOnlyOnFailureTestExecutionListener, org.springframework.boot.test.autoconfigure.web.servlet.WebDriverTestExecutionListener, org.springframework.boot.test.autoconfigure.webservices.client.MockWebServiceServerTestExecutionListener, org.springframework.boot.test.mock.mockito.MockitoTestExecutionListener, org.springframework.boot.test.mock.mockito.ResetMocksTestExecutionListener, org.springframework.test.context.web.ServletTestExecutionListener, org.springframework.test.context.support.DirtiesContextBeforeModesTestExecutionListener, org.springframework.test.context.event.ApplicationEventsTestExecutionListener, org.springframework.test.context.support.DependencyInjectionTestExecutionListener, org.springframework.test.context.support.DirtiesContextTestExecutionListener, org.springframework.test.context.transaction.TransactionalTestExecutionListener, org.springframework.test.context.jdbc.SqlScriptsTestExecutionListener, org.springframework.test.context.event.EventPublishingTestExecutionListener]
21:15:18.240 [Test worker] INFO org.springframework.test.context.support.DefaultTestContextBootstrapper - Using TestExecutionListeners: [org.springframework.test.context.web.ServletTestExecutionListener@5d5f9718, org.springframework.test.context.support.DirtiesContextBeforeModesTestExecutionListener@103c5101, org.springframework.test.context.event.ApplicationEventsTestExecutionListener@44c9e09e, org.springframework.boot.test.mock.mockito.MockitoTestExecutionListener@67a47083, org.springframework.test.context.support.DependencyInjectionTestExecutionListener@4662cc38, org.springframework.test.context.support.DirtiesContextTestExecutionListener@34a429ac, org.springframework.test.context.transaction.TransactionalTestExecutionListener@3f62f2b6, org.springframework.test.context.jdbc.SqlScriptsTestExecutionListener@7b06bdb1, org.springframework.security.test.context.support.WithSecurityContextTestExecutionListener@2b55bde5, org.springframework.test.context.event.EventPublishingTestExecutionListener@3ea9186a, org.springframework.security.test.context.support.ReactorContextTestExecutionListener@1676aa4b, org.springframework.boot.test.autoconfigure.restdocs.RestDocsTestExecutionListener@58d37601, org.springframework.boot.test.autoconfigure.web.client.MockRestServiceServerResetTestExecutionListener@5eef526b, org.springframework.boot.test.autoconfigure.web.servlet.MockMvcPrintOnlyOnFailureTestExecutionListener@28f36b94, org.springframework.boot.test.autoconfigure.web.servlet.WebDriverTestExecutionListener@b74a833, org.springframework.boot.test.autoconfigure.webservices.client.MockWebServiceServerTestExecutionListener@48d4b422, org.springframework.boot.test.mock.mockito.ResetMocksTestExecutionListener@6c0cdb59]
21:15:18.241 [Test worker] DEBUG org.springframework.test.context.support.AbstractDirtiesContextTestExecutionListener - Before test class: context [DefaultTestContext@5f90b287 testClass = TesteBatidasService, testInstance = [null], testMethod = [null], testException = [null], mergedContextConfiguration = [MergedContextConfiguration@710bbc76 testClass = TesteBatidasService, locations = '{}', classes = '{class com.example.folha.service.BatidasService}', contextInitializerClasses = '[]', activeProfiles = '{}', propertySourceLocations = '{}', propertySourceProperties = '{}', contextCustomizers = set[org.springframework.boot.test.autoconfigure.actuate.metrics.MetricsExportContextCustomizerFactory$DisableMetricExportContextCustomizer@449452b5, org.springframework.boot.test.autoconfigure.properties.PropertyMappingContextCustomizer@0, org.springframework.boot.test.autoconfigure.web.servlet.WebDriverContextCustomizerFactory$Customizer@65e3693e, org.springframework.boot.test.context.filter.ExcludeFilterContextCustomizer@71339b42, org.springframework.boot.test.json.DuplicateJsonObjectContextCustomizerFactory$DuplicateJsonObjectContextCustomizer@1ab4ba4c, org.springframework.boot.test.mock.mockito.MockitoContextCustomizer@957045cc], contextLoader = 'org.springframework.test.context.support.DelegatingSmartContextLoader', parent = [null]], attributes = map[[empty]]], class annotated with @DirtiesContext [false] with mode [null].
21:15:18.243 [Test worker] DEBUG org.springframework.test.context.support.AbstractDelegatingSmartContextLoader - Delegating to AnnotationConfigContextLoader to load context from [MergedContextConfiguration@710bbc76 testClass = TesteBatidasService, locations = '{}', classes = '{class com.example.folha.service.BatidasService}', contextInitializerClasses = '[]', activeProfiles = '{}', propertySourceLocations = '{}', propertySourceProperties = '{}', contextCustomizers = set[org.springframework.boot.test.autoconfigure.actuate.metrics.MetricsExportContextCustomizerFactory$DisableMetricExportContextCustomizer@449452b5, org.springframework.boot.test.autoconfigure.properties.PropertyMappingContextCustomizer@0, org.springframework.boot.test.autoconfigure.web.servlet.WebDriverContextCustomizerFactory$Customizer@65e3693e, org.springframework.boot.test.context.filter.ExcludeFilterContextCustomizer@71339b42, org.springframework.boot.test.json.DuplicateJsonObjectContextCustomizerFactory$DuplicateJsonObjectContextCustomizer@1ab4ba4c, org.springframework.boot.test.mock.mockito.MockitoContextCustomizer@957045cc], contextLoader = 'org.springframework.test.context.support.DelegatingSmartContextLoader', parent = [null]].
21:15:18.244 [Test worker] DEBUG org.springframework.test.context.support.AbstractGenericContextLoader - Loading ApplicationContext for merged context configuration [[MergedContextConfiguration@710bbc76 testClass = TesteBatidasService, locations = '{}', classes = '{class com.example.folha.service.BatidasService}', contextInitializerClasses = '[]', activeProfiles = '{}', propertySourceLocations = '{}', propertySourceProperties = '{}', contextCustomizers = set[org.springframework.boot.test.autoconfigure.actuate.metrics.MetricsExportContextCustomizerFactory$DisableMetricExportContextCustomizer@449452b5, org.springframework.boot.test.autoconfigure.properties.PropertyMappingContextCustomizer@0, org.springframework.boot.test.autoconfigure.web.servlet.WebDriverContextCustomizerFactory$Customizer@65e3693e, org.springframework.boot.test.context.filter.ExcludeFilterContextCustomizer@71339b42, org.springframework.boot.test.json.DuplicateJsonObjectContextCustomizerFactory$DuplicateJsonObjectContextCustomizer@1ab4ba4c, org.springframework.boot.test.mock.mockito.MockitoContextCustomizer@957045cc], contextLoader = 'org.springframework.test.context.support.DelegatingSmartContextLoader', parent = [null]]].
21:15:18.244 [Test worker] DEBUG org.springframework.core.env.StandardEnvironment - Activating profiles []
21:15:18.244 [Test worker] DEBUG org.springframework.test.context.support.AnnotationConfigContextLoader - Registering component classes: {class com.example.folha.service.BatidasService}
21:15:18.246 [Test worker] DEBUG org.springframework.context.support.GenericApplicationContext - Refreshing org.springframework.context.support.GenericApplicationContext@16cfa519
21:15:18.247 [Test worker] DEBUG org.springframework.beans.factory.support.DefaultListableBeanFactory - Creating shared instance of singleton bean 'org.springframework.context.annotation.internalConfigurationAnnotationProcessor'
21:15:18.249 [Test worker] DEBUG org.springframework.beans.factory.support.DefaultListableBeanFactory - Creating shared instance of singleton bean 'org.springframework.boot.test.mock.mockito.MockitoPostProcessor'
21:15:18.251 [Test worker] DEBUG org.springframework.beans.factory.support.DefaultListableBeanFactory - Creating shared instance of singleton bean 'org.springframework.context.event.internalEventListenerProcessor'
21:15:18.252 [Test worker] DEBUG org.springframework.beans.factory.support.DefaultListableBeanFactory - Creating shared instance of singleton bean 'org.springframework.context.event.internalEventListenerFactory'
21:15:18.253 [Test worker] DEBUG org.springframework.beans.factory.support.DefaultListableBeanFactory - Creating shared instance of singleton bean 'org.springframework.context.annotation.internalAutowiredAnnotationProcessor'
21:15:18.254 [Test worker] DEBUG org.springframework.beans.factory.support.DefaultListableBeanFactory - Creating shared instance of singleton bean 'org.springframework.context.annotation.internalCommonAnnotationProcessor'
21:15:18.255 [Test worker] DEBUG org.springframework.beans.factory.support.DefaultListableBeanFactory - Creating shared instance of singleton bean 'org.springframework.context.annotation.internalPersistenceAnnotationProcessor'
21:15:18.255 [Test worker] DEBUG org.springframework.beans.factory.support.DefaultListableBeanFactory - Creating shared instance of singleton bean 'org.springframework.boot.test.mock.mockito.MockitoPostProcessor$SpyPostProcessor'
21:15:18.256 [Test worker] DEBUG org.springframework.beans.factory.support.DefaultListableBeanFactory - Creating shared instance of singleton bean 'batidasService'
21:15:18.256 [Test worker] DEBUG org.springframework.beans.factory.support.DefaultListableBeanFactory - Autowiring by type from bean name 'batidasService' via constructor to bean named 'com.example.folha.repository.BatidasRepository#0'
21:15:18.261 [Test worker] DEBUG org.springframework.test.context.cache.DefaultCacheAwareContextLoaderDelegate - Storing ApplicationContext [382706969] in cache under key [[MergedContextConfiguration@710bbc76 testClass = TesteBatidasService, locations = '{}', classes = '{class com.example.folha.service.BatidasService}', contextInitializerClasses = '[]', activeProfiles = '{}', propertySourceLocations = '{}', propertySourceProperties = '{}', contextCustomizers = set[org.springframework.boot.test.autoconfigure.actuate.metrics.MetricsExportContextCustomizerFactory$DisableMetricExportContextCustomizer@449452b5, org.springframework.boot.test.autoconfigure.properties.PropertyMappingContextCustomizer@0, org.springframework.boot.test.autoconfigure.web.servlet.WebDriverContextCustomizerFactory$Customizer@65e3693e, org.springframework.boot.test.context.filter.ExcludeFilterContextCustomizer@71339b42, org.springframework.boot.test.json.DuplicateJsonObjectContextCustomizerFactory$DuplicateJsonObjectContextCustomizer@1ab4ba4c, org.springframework.boot.test.mock.mockito.MockitoContextCustomizer@957045cc], contextLoader = 'org.springframework.test.context.support.DelegatingSmartContextLoader', parent = [null]]]
21:15:18.261 [Test worker] DEBUG org.springframework.test.context.cache - Spring test ApplicationContext cache statistics: [DefaultContextCache@2f86b823 size = 2, maxSize = 32, parentContextCount = 0, hitCount = 12, missCount = 2]
21:15:18.262 [Test worker] DEBUG org.springframework.test.context.support.DependencyInjectionTestExecutionListener - Performing dependency injection for test context [[DefaultTestContext@5f90b287 testClass = TesteBatidasService, testInstance = com.example.folha.service.TesteBatidasService@1d461f01, testMethod = [null], testException = [null], mergedContextConfiguration = [MergedContextConfiguration@710bbc76 testClass = TesteBatidasService, locations = '{}', classes = '{class com.example.folha.service.BatidasService}', contextInitializerClasses = '[]', activeProfiles = '{}', propertySourceLocations = '{}', propertySourceProperties = '{}', contextCustomizers = set[org.springframework.boot.test.autoconfigure.actuate.metrics.MetricsExportContextCustomizerFactory$DisableMetricExportContextCustomizer@449452b5, org.springframework.boot.test.autoconfigure.properties.PropertyMappingContextCustomizer@0, org.springframework.boot.test.autoconfigure.web.servlet.WebDriverContextCustomizerFactory$Customizer@65e3693e, org.springframework.boot.test.context.filter.ExcludeFilterContextCustomizer@71339b42, org.springframework.boot.test.json.DuplicateJsonObjectContextCustomizerFactory$DuplicateJsonObjectContextCustomizer@1ab4ba4c, org.springframework.boot.test.mock.mockito.MockitoContextCustomizer@957045cc], contextLoader = 'org.springframework.test.context.support.DelegatingSmartContextLoader', parent = [null]], attributes = map['org.springframework.test.context.event.ApplicationEventsTestExecutionListener.recordApplicationEvents' -> false]]].
21:15:18.262 [Test worker] DEBUG org.springframework.test.context.cache.DefaultCacheAwareContextLoaderDelegate - Retrieved ApplicationContext [382706969] from cache with key [[MergedContextConfiguration@710bbc76 testClass = TesteBatidasService, locations = '{}', classes = '{class com.example.folha.service.BatidasService}', contextInitializerClasses = '[]', activeProfiles = '{}', propertySourceLocations = '{}', propertySourceProperties = '{}', contextCustomizers = set[org.springframework.boot.test.autoconfigure.actuate.metrics.MetricsExportContextCustomizerFactory$DisableMetricExportContextCustomizer@449452b5, org.springframework.boot.test.autoconfigure.properties.PropertyMappingContextCustomizer@0, org.springframework.boot.test.autoconfigure.web.servlet.WebDriverContextCustomizerFactory$Customizer@65e3693e, org.springframework.boot.test.context.filter.ExcludeFilterContextCustomizer@71339b42, org.springframework.boot.test.json.DuplicateJsonObjectContextCustomizerFactory$DuplicateJsonObjectContextCustomizer@1ab4ba4c, org.springframework.boot.test.mock.mockito.MockitoContextCustomizer@957045cc], contextLoader = 'org.springframework.test.context.support.DelegatingSmartContextLoader', parent = [null]]]
21:15:18.262 [Test worker] DEBUG org.springframework.test.context.cache - Spring test ApplicationContext cache statistics: [DefaultContextCache@2f86b823 size = 2, maxSize = 32, parentContextCount = 0, hitCount = 13, missCount = 2]
21:15:18.266 [Test worker] DEBUG org.springframework.test.context.cache.DefaultCacheAwareContextLoaderDelegate - Retrieved ApplicationContext [382706969] from cache with key [[MergedContextConfiguration@710bbc76 testClass = TesteBatidasService, locations = '{}', classes = '{class com.example.folha.service.BatidasService}', contextInitializerClasses = '[]', activeProfiles = '{}', propertySourceLocations = '{}', propertySourceProperties = '{}', contextCustomizers = set[org.springframework.boot.test.autoconfigure.actuate.metrics.MetricsExportContextCustomizerFactory$DisableMetricExportContextCustomizer@449452b5, org.springframework.boot.test.autoconfigure.properties.PropertyMappingContextCustomizer@0, org.springframework.boot.test.autoconfigure.web.servlet.WebDriverContextCustomizerFactory$Customizer@65e3693e, org.springframework.boot.test.context.filter.ExcludeFilterContextCustomizer@71339b42, org.springframework.boot.test.json.DuplicateJsonObjectContextCustomizerFactory$DuplicateJsonObjectContextCustomizer@1ab4ba4c, org.springframework.boot.test.mock.mockito.MockitoContextCustomizer@957045cc], contextLoader = 'org.springframework.test.context.support.DelegatingSmartContextLoader', parent = [null]]]
21:15:18.266 [Test worker] DEBUG org.springframework.test.context.cache - Spring test ApplicationContext cache statistics: [DefaultContextCache@2f86b823 size = 2, maxSize = 32, parentContextCount = 0, hitCount = 14, missCount = 2]
21:15:18.267 [Test worker] DEBUG org.springframework.test.context.support.AbstractDirtiesContextTestExecutionListener - Before test method: context [DefaultTestContext@5f90b287 testClass = TesteBatidasService, testInstance = com.example.folha.service.TesteBatidasService@1d461f01, testMethod = testValidaMinimoHorarioAlmoco@TesteBatidasService, testException = [null], mergedContextConfiguration = [MergedContextConfiguration@710bbc76 testClass = TesteBatidasService, locations = '{}', classes = '{class com.example.folha.service.BatidasService}', contextInitializerClasses = '[]', activeProfiles = '{}', propertySourceLocations = '{}', propertySourceProperties = '{}', contextCustomizers = set[org.springframework.boot.test.autoconfigure.actuate.metrics.MetricsExportContextCustomizerFactory$DisableMetricExportContextCustomizer@449452b5, org.springframework.boot.test.autoconfigure.properties.PropertyMappingContextCustomizer@0, org.springframework.boot.test.autoconfigure.web.servlet.WebDriverContextCustomizerFactory$Customizer@65e3693e, org.springframework.boot.test.context.filter.ExcludeFilterContextCustomizer@71339b42, org.springframework.boot.test.json.DuplicateJsonObjectContextCustomizerFactory$DuplicateJsonObjectContextCustomizer@1ab4ba4c, org.springframework.boot.test.mock.mockito.MockitoContextCustomizer@957045cc], contextLoader = 'org.springframework.test.context.support.DelegatingSmartContextLoader', parent = [null]], attributes = map['org.springframework.test.context.event.ApplicationEventsTestExecutionListener.recordApplicationEvents' -> false]], class annotated with @DirtiesContext [false] with mode [null], method annotated with @DirtiesContext [false] with mode [null].
21:15:18.268 [Test worker] DEBUG org.springframework.test.context.cache.DefaultCacheAwareContextLoaderDelegate - Retrieved ApplicationContext [382706969] from cache with key [[MergedContextConfiguration@710bbc76 testClass = TesteBatidasService, locations = '{}', classes = '{class com.example.folha.service.BatidasService}', contextInitializerClasses = '[]', activeProfiles = '{}', propertySourceLocations = '{}', propertySourceProperties = '{}', contextCustomizers = set[org.springframework.boot.test.autoconfigure.actuate.metrics.MetricsExportContextCustomizerFactory$DisableMetricExportContextCustomizer@449452b5, org.springframework.boot.test.autoconfigure.properties.PropertyMappingContextCustomizer@0, org.springframework.boot.test.autoconfigure.web.servlet.WebDriverContextCustomizerFactory$Customizer@65e3693e, org.springframework.boot.test.context.filter.ExcludeFilterContextCustomizer@71339b42, org.springframework.boot.test.json.DuplicateJsonObjectContextCustomizerFactory$DuplicateJsonObjectContextCustomizer@1ab4ba4c, org.springframework.boot.test.mock.mockito.MockitoContextCustomizer@957045cc], contextLoader = 'org.springframework.test.context.support.DelegatingSmartContextLoader', parent = [null]]]
21:15:18.269 [Test worker] DEBUG org.springframework.test.context.cache - Spring test ApplicationContext cache statistics: [DefaultContextCache@2f86b823 size = 2, maxSize = 32, parentContextCount = 0, hitCount = 15, missCount = 2]
21:15:18.269 [Test worker] DEBUG org.springframework.test.context.cache.DefaultCacheAwareContextLoaderDelegate - Retrieved ApplicationContext [382706969] from cache with key [[MergedContextConfiguration@710bbc76 testClass = TesteBatidasService, locations = '{}', classes = '{class com.example.folha.service.BatidasService}', contextInitializerClasses = '[]', activeProfiles = '{}', propertySourceLocations = '{}', propertySourceProperties = '{}', contextCustomizers = set[org.springframework.boot.test.autoconfigure.actuate.metrics.MetricsExportContextCustomizerFactory$DisableMetricExportContextCustomizer@449452b5, org.springframework.boot.test.autoconfigure.properties.PropertyMappingContextCustomizer@0, org.springframework.boot.test.autoconfigure.web.servlet.WebDriverContextCustomizerFactory$Customizer@65e3693e, org.springframework.boot.test.context.filter.ExcludeFilterContextCustomizer@71339b42, org.springframework.boot.test.json.DuplicateJsonObjectContextCustomizerFactory$DuplicateJsonObjectContextCustomizer@1ab4ba4c, org.springframework.boot.test.mock.mockito.MockitoContextCustomizer@957045cc], contextLoader = 'org.springframework.test.context.support.DelegatingSmartContextLoader', parent = [null]]]
21:15:18.269 [Test worker] DEBUG org.springframework.test.context.cache - Spring test ApplicationContext cache statistics: [DefaultContextCache@2f86b823 size = 2, maxSize = 32, parentContextCount = 0, hitCount = 16, missCount = 2]
21:15:18.270 [Test worker] DEBUG org.springframework.test.context.cache.DefaultCacheAwareContextLoaderDelegate - Retrieved ApplicationContext [382706969] from cache with key [[MergedContextConfiguration@710bbc76 testClass = TesteBatidasService, locations = '{}', classes = '{class com.example.folha.service.BatidasService}', contextInitializerClasses = '[]', activeProfiles = '{}', propertySourceLocations = '{}', propertySourceProperties = '{}', contextCustomizers = set[org.springframework.boot.test.autoconfigure.actuate.metrics.MetricsExportContextCustomizerFactory$DisableMetricExportContextCustomizer@449452b5, org.springframework.boot.test.autoconfigure.properties.PropertyMappingContextCustomizer@0, org.springframework.boot.test.autoconfigure.web.servlet.WebDriverContextCustomizerFactory$Customizer@65e3693e, org.springframework.boot.test.context.filter.ExcludeFilterContextCustomizer@71339b42, org.springframework.boot.test.json.DuplicateJsonObjectContextCustomizerFactory$DuplicateJsonObjectContextCustomizer@1ab4ba4c, org.springframework.boot.test.mock.mockito.MockitoContextCustomizer@957045cc], contextLoader = 'org.springframework.test.context.support.DelegatingSmartContextLoader', parent = [null]]]
21:15:18.270 [Test worker] DEBUG org.springframework.test.context.cache - Spring test ApplicationContext cache statistics: [DefaultContextCache@2f86b823 size = 2, maxSize = 32, parentContextCount = 0, hitCount = 17, missCount = 2]
21:15:18.272 [Test worker] DEBUG org.springframework.test.context.cache.DefaultCacheAwareContextLoaderDelegate - Retrieved ApplicationContext [382706969] from cache with key [[MergedContextConfiguration@710bbc76 testClass = TesteBatidasService, locations = '{}', classes = '{class com.example.folha.service.BatidasService}', contextInitializerClasses = '[]', activeProfiles = '{}', propertySourceLocations = '{}', propertySourceProperties = '{}', contextCustomizers = set[org.springframework.boot.test.autoconfigure.actuate.metrics.MetricsExportContextCustomizerFactory$DisableMetricExportContextCustomizer@449452b5, org.springframework.boot.test.autoconfigure.properties.PropertyMappingContextCustomizer@0, org.springframework.boot.test.autoconfigure.web.servlet.WebDriverContextCustomizerFactory$Customizer@65e3693e, org.springframework.boot.test.context.filter.ExcludeFilterContextCustomizer@71339b42, org.springframework.boot.test.json.DuplicateJsonObjectContextCustomizerFactory$DuplicateJsonObjectContextCustomizer@1ab4ba4c, org.springframework.boot.test.mock.mockito.MockitoContextCustomizer@957045cc], contextLoader = 'org.springframework.test.context.support.DelegatingSmartContextLoader', parent = [null]]]
21:15:18.273 [Test worker] DEBUG org.springframework.test.context.cache - Spring test ApplicationContext cache statistics: [DefaultContextCache@2f86b823 size = 2, maxSize = 32, parentContextCount = 0, hitCount = 18, missCount = 2]
21:15:18.273 [Test worker] DEBUG org.springframework.test.context.cache.DefaultCacheAwareContextLoaderDelegate - Retrieved ApplicationContext [382706969] from cache with key [[MergedContextConfiguration@710bbc76 testClass = TesteBatidasService, locations = '{}', classes = '{class com.example.folha.service.BatidasService}', contextInitializerClasses = '[]', activeProfiles = '{}', propertySourceLocations = '{}', propertySourceProperties = '{}', contextCustomizers = set[org.springframework.boot.test.autoconfigure.actuate.metrics.MetricsExportContextCustomizerFactory$DisableMetricExportContextCustomizer@449452b5, org.springframework.boot.test.autoconfigure.properties.PropertyMappingContextCustomizer@0, org.springframework.boot.test.autoconfigure.web.servlet.WebDriverContextCustomizerFactory$Customizer@65e3693e, org.springframework.boot.test.context.filter.ExcludeFilterContextCustomizer@71339b42, org.springframework.boot.test.json.DuplicateJsonObjectContextCustomizerFactory$DuplicateJsonObjectContextCustomizer@1ab4ba4c, org.springframework.boot.test.mock.mockito.MockitoContextCustomizer@957045cc], contextLoader = 'org.springframework.test.context.support.DelegatingSmartContextLoader', parent = [null]]]
21:15:18.273 [Test worker] DEBUG org.springframework.test.context.cache - Spring test ApplicationContext cache statistics: [DefaultContextCache@2f86b823 size = 2, maxSize = 32, parentContextCount = 0, hitCount = 19, missCount = 2]
21:15:18.274 [Test worker] DEBUG org.springframework.test.context.cache.DefaultCacheAwareContextLoaderDelegate - Retrieved ApplicationContext [382706969] from cache with key [[MergedContextConfiguration@710bbc76 testClass = TesteBatidasService, locations = '{}', classes = '{class com.example.folha.service.BatidasService}', contextInitializerClasses = '[]', activeProfiles = '{}', propertySourceLocations = '{}', propertySourceProperties = '{}', contextCustomizers = set[org.springframework.boot.test.autoconfigure.actuate.metrics.MetricsExportContextCustomizerFactory$DisableMetricExportContextCustomizer@449452b5, org.springframework.boot.test.autoconfigure.properties.PropertyMappingContextCustomizer@0, org.springframework.boot.test.autoconfigure.web.servlet.WebDriverContextCustomizerFactory$Customizer@65e3693e, org.springframework.boot.test.context.filter.ExcludeFilterContextCustomizer@71339b42, org.springframework.boot.test.json.DuplicateJsonObjectContextCustomizerFactory$DuplicateJsonObjectContextCustomizer@1ab4ba4c, org.springframework.boot.test.mock.mockito.MockitoContextCustomizer@957045cc], contextLoader = 'org.springframework.test.context.support.DelegatingSmartContextLoader', parent = [null]]]
21:15:18.274 [Test worker] DEBUG org.springframework.test.context.cache - Spring test ApplicationContext cache statistics: [DefaultContextCache@2f86b823 size = 2, maxSize = 32, parentContextCount = 0, hitCount = 20, missCount = 2]
21:15:18.275 [Test worker] DEBUG org.springframework.test.context.cache.DefaultCacheAwareContextLoaderDelegate - Retrieved ApplicationContext [382706969] from cache with key [[MergedContextConfiguration@710bbc76 testClass = TesteBatidasService, locations = '{}', classes = '{class com.example.folha.service.BatidasService}', contextInitializerClasses = '[]', activeProfiles = '{}', propertySourceLocations = '{}', propertySourceProperties = '{}', contextCustomizers = set[org.springframework.boot.test.autoconfigure.actuate.metrics.MetricsExportContextCustomizerFactory$DisableMetricExportContextCustomizer@449452b5, org.springframework.boot.test.autoconfigure.properties.PropertyMappingContextCustomizer@0, org.springframework.boot.test.autoconfigure.web.servlet.WebDriverContextCustomizerFactory$Customizer@65e3693e, org.springframework.boot.test.context.filter.ExcludeFilterContextCustomizer@71339b42, org.springframework.boot.test.json.DuplicateJsonObjectContextCustomizerFactory$DuplicateJsonObjectContextCustomizer@1ab4ba4c, org.springframework.boot.test.mock.mockito.MockitoContextCustomizer@957045cc], contextLoader = 'org.springframework.test.context.support.DelegatingSmartContextLoader', parent = [null]]]
21:15:18.275 [Test worker] DEBUG org.springframework.test.context.cache - Spring test ApplicationContext cache statistics: [DefaultContextCache@2f86b823 size = 2, maxSize = 32, parentContextCount = 0, hitCount = 21, missCount = 2]
21:15:18.275 [Test worker] DEBUG org.springframework.test.context.cache.DefaultCacheAwareContextLoaderDelegate - Retrieved ApplicationContext [382706969] from cache with key [[MergedContextConfiguration@710bbc76 testClass = TesteBatidasService, locations = '{}', classes = '{class com.example.folha.service.BatidasService}', contextInitializerClasses = '[]', activeProfiles = '{}', propertySourceLocations = '{}', propertySourceProperties = '{}', contextCustomizers = set[org.springframework.boot.test.autoconfigure.actuate.metrics.MetricsExportContextCustomizerFactory$DisableMetricExportContextCustomizer@449452b5, org.springframework.boot.test.autoconfigure.properties.PropertyMappingContextCustomizer@0, org.springframework.boot.test.autoconfigure.web.servlet.WebDriverContextCustomizerFactory$Customizer@65e3693e, org.springframework.boot.test.context.filter.ExcludeFilterContextCustomizer@71339b42, org.springframework.boot.test.json.DuplicateJsonObjectContextCustomizerFactory$DuplicateJsonObjectContextCustomizer@1ab4ba4c, org.springframework.boot.test.mock.mockito.MockitoContextCustomizer@957045cc], contextLoader = 'org.springframework.test.context.support.DelegatingSmartContextLoader', parent = [null]]]
21:15:18.275 [Test worker] DEBUG org.springframework.test.context.cache - Spring test ApplicationContext cache statistics: [DefaultContextCache@2f86b823 size = 2, maxSize = 32, parentContextCount = 0, hitCount = 22, missCount = 2]
21:15:18.276 [Test worker] DEBUG org.springframework.test.context.cache.DefaultCacheAwareContextLoaderDelegate - Retrieved ApplicationContext [382706969] from cache with key [[MergedContextConfiguration@710bbc76 testClass = TesteBatidasService, locations = '{}', classes = '{class com.example.folha.service.BatidasService}', contextInitializerClasses = '[]', activeProfiles = '{}', propertySourceLocations = '{}', propertySourceProperties = '{}', contextCustomizers = set[org.springframework.boot.test.autoconfigure.actuate.metrics.MetricsExportContextCustomizerFactory$DisableMetricExportContextCustomizer@449452b5, org.springframework.boot.test.autoconfigure.properties.PropertyMappingContextCustomizer@0, org.springframework.boot.test.autoconfigure.web.servlet.WebDriverContextCustomizerFactory$Customizer@65e3693e, org.springframework.boot.test.context.filter.ExcludeFilterContextCustomizer@71339b42, org.springframework.boot.test.json.DuplicateJsonObjectContextCustomizerFactory$DuplicateJsonObjectContextCustomizer@1ab4ba4c, org.springframework.boot.test.mock.mockito.MockitoContextCustomizer@957045cc], contextLoader = 'org.springframework.test.context.support.DelegatingSmartContextLoader', parent = [null]]]
21:15:18.277 [Test worker] DEBUG org.springframework.test.context.cache - Spring test ApplicationContext cache statistics: [DefaultContextCache@2f86b823 size = 2, maxSize = 32, parentContextCount = 0, hitCount = 23, missCount = 2]
21:15:18.277 [Test worker] DEBUG org.springframework.test.context.support.AbstractDirtiesContextTestExecutionListener - After test method: context [DefaultTestContext@5f90b287 testClass = TesteBatidasService, testInstance = com.example.folha.service.TesteBatidasService@1d461f01, testMethod = testValidaMinimoHorarioAlmoco@TesteBatidasService, testException = [null], mergedContextConfiguration = [MergedContextConfiguration@710bbc76 testClass = TesteBatidasService, locations = '{}', classes = '{class com.example.folha.service.BatidasService}', contextInitializerClasses = '[]', activeProfiles = '{}', propertySourceLocations = '{}', propertySourceProperties = '{}', contextCustomizers = set[org.springframework.boot.test.autoconfigure.actuate.metrics.MetricsExportContextCustomizerFactory$DisableMetricExportContextCustomizer@449452b5, org.springframework.boot.test.autoconfigure.properties.PropertyMappingContextCustomizer@0, org.springframework.boot.test.autoconfigure.web.servlet.WebDriverContextCustomizerFactory$Customizer@65e3693e, org.springframework.boot.test.context.filter.ExcludeFilterContextCustomizer@71339b42, org.springframework.boot.test.json.DuplicateJsonObjectContextCustomizerFactory$DuplicateJsonObjectContextCustomizer@1ab4ba4c, org.springframework.boot.test.mock.mockito.MockitoContextCustomizer@957045cc], contextLoader = 'org.springframework.test.context.support.DelegatingSmartContextLoader', parent = [null]], attributes = map['org.springframework.test.context.event.ApplicationEventsTestExecutionListener.recordApplicationEvents' -> false]], class annotated with @DirtiesContext [false] with mode [null], method annotated with @DirtiesContext [false] with mode [null].
21:15:18.279 [Test worker] DEBUG org.springframework.test.context.cache.DefaultCacheAwareContextLoaderDelegate - Retrieved ApplicationContext [382706969] from cache with key [[MergedContextConfiguration@710bbc76 testClass = TesteBatidasService, locations = '{}', classes = '{class com.example.folha.service.BatidasService}', contextInitializerClasses = '[]', activeProfiles = '{}', propertySourceLocations = '{}', propertySourceProperties = '{}', contextCustomizers = set[org.springframework.boot.test.autoconfigure.actuate.metrics.MetricsExportContextCustomizerFactory$DisableMetricExportContextCustomizer@449452b5, org.springframework.boot.test.autoconfigure.properties.PropertyMappingContextCustomizer@0, org.springframework.boot.test.autoconfigure.web.servlet.WebDriverContextCustomizerFactory$Customizer@65e3693e, org.springframework.boot.test.context.filter.ExcludeFilterContextCustomizer@71339b42, org.springframework.boot.test.json.DuplicateJsonObjectContextCustomizerFactory$DuplicateJsonObjectContextCustomizer@1ab4ba4c, org.springframework.boot.test.mock.mockito.MockitoContextCustomizer@957045cc], contextLoader = 'org.springframework.test.context.support.DelegatingSmartContextLoader', parent = [null]]]
21:15:18.279 [Test worker] DEBUG org.springframework.test.context.cache - Spring test ApplicationContext cache statistics: [DefaultContextCache@2f86b823 size = 2, maxSize = 32, parentContextCount = 0, hitCount = 24, missCount = 2]
21:15:18.280 [Test worker] DEBUG org.springframework.test.context.support.DependencyInjectionTestExecutionListener - Performing dependency injection for test context [[DefaultTestContext@5f90b287 testClass = TesteBatidasService, testInstance = com.example.folha.service.TesteBatidasService@5ca59244, testMethod = [null], testException = [null], mergedContextConfiguration = [MergedContextConfiguration@710bbc76 testClass = TesteBatidasService, locations = '{}', classes = '{class com.example.folha.service.BatidasService}', contextInitializerClasses = '[]', activeProfiles = '{}', propertySourceLocations = '{}', propertySourceProperties = '{}', contextCustomizers = set[org.springframework.boot.test.autoconfigure.actuate.metrics.MetricsExportContextCustomizerFactory$DisableMetricExportContextCustomizer@449452b5, org.springframework.boot.test.autoconfigure.properties.PropertyMappingContextCustomizer@0, org.springframework.boot.test.autoconfigure.web.servlet.WebDriverContextCustomizerFactory$Customizer@65e3693e, org.springframework.boot.test.context.filter.ExcludeFilterContextCustomizer@71339b42, org.springframework.boot.test.json.DuplicateJsonObjectContextCustomizerFactory$DuplicateJsonObjectContextCustomizer@1ab4ba4c, org.springframework.boot.test.mock.mockito.MockitoContextCustomizer@957045cc], contextLoader = 'org.springframework.test.context.support.DelegatingSmartContextLoader', parent = [null]], attributes = map['org.springframework.test.context.event.ApplicationEventsTestExecutionListener.recordApplicationEvents' -> false]]].
21:15:18.280 [Test worker] DEBUG org.springframework.test.context.cache.DefaultCacheAwareContextLoaderDelegate - Retrieved ApplicationContext [382706969] from cache with key [[MergedContextConfiguration@710bbc76 testClass = TesteBatidasService, locations = '{}', classes = '{class com.example.folha.service.BatidasService}', contextInitializerClasses = '[]', activeProfiles = '{}', propertySourceLocations = '{}', propertySourceProperties = '{}', contextCustomizers = set[org.springframework.boot.test.autoconfigure.actuate.metrics.MetricsExportContextCustomizerFactory$DisableMetricExportContextCustomizer@449452b5, org.springframework.boot.test.autoconfigure.properties.PropertyMappingContextCustomizer@0, org.springframework.boot.test.autoconfigure.web.servlet.WebDriverContextCustomizerFactory$Customizer@65e3693e, org.springframework.boot.test.context.filter.ExcludeFilterContextCustomizer@71339b42, org.springframework.boot.test.json.DuplicateJsonObjectContextCustomizerFactory$DuplicateJsonObjectContextCustomizer@1ab4ba4c, org.springframework.boot.test.mock.mockito.MockitoContextCustomizer@957045cc], contextLoader = 'org.springframework.test.context.support.DelegatingSmartContextLoader', parent = [null]]]
21:15:18.280 [Test worker] DEBUG org.springframework.test.context.cache - Spring test ApplicationContext cache statistics: [DefaultContextCache@2f86b823 size = 2, maxSize = 32, parentContextCount = 0, hitCount = 25, missCount = 2]
21:15:18.281 [Test worker] DEBUG org.springframework.test.context.cache.DefaultCacheAwareContextLoaderDelegate - Retrieved ApplicationContext [382706969] from cache with key [[MergedContextConfiguration@710bbc76 testClass = TesteBatidasService, locations = '{}', classes = '{class com.example.folha.service.BatidasService}', contextInitializerClasses = '[]', activeProfiles = '{}', propertySourceLocations = '{}', propertySourceProperties = '{}', contextCustomizers = set[org.springframework.boot.test.autoconfigure.actuate.metrics.MetricsExportContextCustomizerFactory$DisableMetricExportContextCustomizer@449452b5, org.springframework.boot.test.autoconfigure.properties.PropertyMappingContextCustomizer@0, org.springframework.boot.test.autoconfigure.web.servlet.WebDriverContextCustomizerFactory$Customizer@65e3693e, org.springframework.boot.test.context.filter.ExcludeFilterContextCustomizer@71339b42, org.springframework.boot.test.json.DuplicateJsonObjectContextCustomizerFactory$DuplicateJsonObjectContextCustomizer@1ab4ba4c, org.springframework.boot.test.mock.mockito.MockitoContextCustomizer@957045cc], contextLoader = 'org.springframework.test.context.support.DelegatingSmartContextLoader', parent = [null]]]
21:15:18.282 [Test worker] DEBUG org.springframework.test.context.cache - Spring test ApplicationContext cache statistics: [DefaultContextCache@2f86b823 size = 2, maxSize = 32, parentContextCount = 0, hitCount = 26, missCount = 2]
21:15:18.284 [Test worker] DEBUG org.springframework.test.context.support.AbstractDirtiesContextTestExecutionListener - Before test method: context [DefaultTestContext@5f90b287 testClass = TesteBatidasService, testInstance = com.example.folha.service.TesteBatidasService@5ca59244, testMethod = testValidaQuantidadeDeHorarios@TesteBatidasService, testException = [null], mergedContextConfiguration = [MergedContextConfiguration@710bbc76 testClass = TesteBatidasService, locations = '{}', classes = '{class com.example.folha.service.BatidasService}', contextInitializerClasses = '[]', activeProfiles = '{}', propertySourceLocations = '{}', propertySourceProperties = '{}', contextCustomizers = set[org.springframework.boot.test.autoconfigure.actuate.metrics.MetricsExportContextCustomizerFactory$DisableMetricExportContextCustomizer@449452b5, org.springframework.boot.test.autoconfigure.properties.PropertyMappingContextCustomizer@0, org.springframework.boot.test.autoconfigure.web.servlet.WebDriverContextCustomizerFactory$Customizer@65e3693e, org.springframework.boot.test.context.filter.ExcludeFilterContextCustomizer@71339b42, org.springframework.boot.test.json.DuplicateJsonObjectContextCustomizerFactory$DuplicateJsonObjectContextCustomizer@1ab4ba4c, org.springframework.boot.test.mock.mockito.MockitoContextCustomizer@957045cc], contextLoader = 'org.springframework.test.context.support.DelegatingSmartContextLoader', parent = [null]], attributes = map['org.springframework.test.context.event.ApplicationEventsTestExecutionListener.recordApplicationEvents' -> false]], class annotated with @DirtiesContext [false] with mode [null], method annotated with @DirtiesContext [false] with mode [null].
21:15:18.285 [Test worker] DEBUG org.springframework.test.context.cache.DefaultCacheAwareContextLoaderDelegate - Retrieved ApplicationContext [382706969] from cache with key [[MergedContextConfiguration@710bbc76 testClass = TesteBatidasService, locations = '{}', classes = '{class com.example.folha.service.BatidasService}', contextInitializerClasses = '[]', activeProfiles = '{}', propertySourceLocations = '{}', propertySourceProperties = '{}', contextCustomizers = set[org.springframework.boot.test.autoconfigure.actuate.metrics.MetricsExportContextCustomizerFactory$DisableMetricExportContextCustomizer@449452b5, org.springframework.boot.test.autoconfigure.properties.PropertyMappingContextCustomizer@0, org.springframework.boot.test.autoconfigure.web.servlet.WebDriverContextCustomizerFactory$Customizer@65e3693e, org.springframework.boot.test.context.filter.ExcludeFilterContextCustomizer@71339b42, org.springframework.boot.test.json.DuplicateJsonObjectContextCustomizerFactory$DuplicateJsonObjectContextCustomizer@1ab4ba4c, org.springframework.boot.test.mock.mockito.MockitoContextCustomizer@957045cc], contextLoader = 'org.springframework.test.context.support.DelegatingSmartContextLoader', parent = [null]]]
21:15:18.285 [Test worker] DEBUG org.springframework.test.context.cache - Spring test ApplicationContext cache statistics: [DefaultContextCache@2f86b823 size = 2, maxSize = 32, parentContextCount = 0, hitCount = 27, missCount = 2]
21:15:18.286 [Test worker] DEBUG org.springframework.test.context.cache.DefaultCacheAwareContextLoaderDelegate - Retrieved ApplicationContext [382706969] from cache with key [[MergedContextConfiguration@710bbc76 testClass = TesteBatidasService, locations = '{}', classes = '{class com.example.folha.service.BatidasService}', contextInitializerClasses = '[]', activeProfiles = '{}', propertySourceLocations = '{}', propertySourceProperties = '{}', contextCustomizers = set[org.springframework.boot.test.autoconfigure.actuate.metrics.MetricsExportContextCustomizerFactory$DisableMetricExportContextCustomizer@449452b5, org.springframework.boot.test.autoconfigure.properties.PropertyMappingContextCustomizer@0, org.springframework.boot.test.autoconfigure.web.servlet.WebDriverContextCustomizerFactory$Customizer@65e3693e, org.springframework.boot.test.context.filter.ExcludeFilterContextCustomizer@71339b42, org.springframework.boot.test.json.DuplicateJsonObjectContextCustomizerFactory$DuplicateJsonObjectContextCustomizer@1ab4ba4c, org.springframework.boot.test.mock.mockito.MockitoContextCustomizer@957045cc], contextLoader = 'org.springframework.test.context.support.DelegatingSmartContextLoader', parent = [null]]]
21:15:18.287 [Test worker] DEBUG org.springframework.test.context.cache - Spring test ApplicationContext cache statistics: [DefaultContextCache@2f86b823 size = 2, maxSize = 32, parentContextCount = 0, hitCount = 28, missCount = 2]
21:15:18.288 [Test worker] DEBUG org.springframework.test.context.cache.DefaultCacheAwareContextLoaderDelegate - Retrieved ApplicationContext [382706969] from cache with key [[MergedContextConfiguration@710bbc76 testClass = TesteBatidasService, locations = '{}', classes = '{class com.example.folha.service.BatidasService}', contextInitializerClasses = '[]', activeProfiles = '{}', propertySourceLocations = '{}', propertySourceProperties = '{}', contextCustomizers = set[org.springframework.boot.test.autoconfigure.actuate.metrics.MetricsExportContextCustomizerFactory$DisableMetricExportContextCustomizer@449452b5, org.springframework.boot.test.autoconfigure.properties.PropertyMappingContextCustomizer@0, org.springframework.boot.test.autoconfigure.web.servlet.WebDriverContextCustomizerFactory$Customizer@65e3693e, org.springframework.boot.test.context.filter.ExcludeFilterContextCustomizer@71339b42, org.springframework.boot.test.json.DuplicateJsonObjectContextCustomizerFactory$DuplicateJsonObjectContextCustomizer@1ab4ba4c, org.springframework.boot.test.mock.mockito.MockitoContextCustomizer@957045cc], contextLoader = 'org.springframework.test.context.support.DelegatingSmartContextLoader', parent = [null]]]
21:15:18.288 [Test worker] DEBUG org.springframework.test.context.cache - Spring test ApplicationContext cache statistics: [DefaultContextCache@2f86b823 size = 2, maxSize = 32, parentContextCount = 0, hitCount = 29, missCount = 2]
21:15:18.290 [Test worker] DEBUG org.springframework.test.context.cache.DefaultCacheAwareContextLoaderDelegate - Retrieved ApplicationContext [382706969] from cache with key [[MergedContextConfiguration@710bbc76 testClass = TesteBatidasService, locations = '{}', classes = '{class com.example.folha.service.BatidasService}', contextInitializerClasses = '[]', activeProfiles = '{}', propertySourceLocations = '{}', propertySourceProperties = '{}', contextCustomizers = set[org.springframework.boot.test.autoconfigure.actuate.metrics.MetricsExportContextCustomizerFactory$DisableMetricExportContextCustomizer@449452b5, org.springframework.boot.test.autoconfigure.properties.PropertyMappingContextCustomizer@0, org.springframework.boot.test.autoconfigure.web.servlet.WebDriverContextCustomizerFactory$Customizer@65e3693e, org.springframework.boot.test.context.filter.ExcludeFilterContextCustomizer@71339b42, org.springframework.boot.test.json.DuplicateJsonObjectContextCustomizerFactory$DuplicateJsonObjectContextCustomizer@1ab4ba4c, org.springframework.boot.test.mock.mockito.MockitoContextCustomizer@957045cc], contextLoader = 'org.springframework.test.context.support.DelegatingSmartContextLoader', parent = [null]]]
21:15:18.290 [Test worker] DEBUG org.springframework.test.context.cache - Spring test ApplicationContext cache statistics: [DefaultContextCache@2f86b823 size = 2, maxSize = 32, parentContextCount = 0, hitCount = 30, missCount = 2]
21:15:18.291 [Test worker] DEBUG org.springframework.test.context.cache.DefaultCacheAwareContextLoaderDelegate - Retrieved ApplicationContext [382706969] from cache with key [[MergedContextConfiguration@710bbc76 testClass = TesteBatidasService, locations = '{}', classes = '{class com.example.folha.service.BatidasService}', contextInitializerClasses = '[]', activeProfiles = '{}', propertySourceLocations = '{}', propertySourceProperties = '{}', contextCustomizers = set[org.springframework.boot.test.autoconfigure.actuate.metrics.MetricsExportContextCustomizerFactory$DisableMetricExportContextCustomizer@449452b5, org.springframework.boot.test.autoconfigure.properties.PropertyMappingContextCustomizer@0, org.springframework.boot.test.autoconfigure.web.servlet.WebDriverContextCustomizerFactory$Customizer@65e3693e, org.springframework.boot.test.context.filter.ExcludeFilterContextCustomizer@71339b42, org.springframework.boot.test.json.DuplicateJsonObjectContextCustomizerFactory$DuplicateJsonObjectContextCustomizer@1ab4ba4c, org.springframework.boot.test.mock.mockito.MockitoContextCustomizer@957045cc], contextLoader = 'org.springframework.test.context.support.DelegatingSmartContextLoader', parent = [null]]]
21:15:18.291 [Test worker] DEBUG org.springframework.test.context.cache - Spring test ApplicationContext cache statistics: [DefaultContextCache@2f86b823 size = 2, maxSize = 32, parentContextCount = 0, hitCount = 31, missCount = 2]
21:15:18.292 [Test worker] DEBUG org.springframework.test.context.cache.DefaultCacheAwareContextLoaderDelegate - Retrieved ApplicationContext [382706969] from cache with key [[MergedContextConfiguration@710bbc76 testClass = TesteBatidasService, locations = '{}', classes = '{class com.example.folha.service.BatidasService}', contextInitializerClasses = '[]', activeProfiles = '{}', propertySourceLocations = '{}', propertySourceProperties = '{}', contextCustomizers = set[org.springframework.boot.test.autoconfigure.actuate.metrics.MetricsExportContextCustomizerFactory$DisableMetricExportContextCustomizer@449452b5, org.springframework.boot.test.autoconfigure.properties.PropertyMappingContextCustomizer@0, org.springframework.boot.test.autoconfigure.web.servlet.WebDriverContextCustomizerFactory$Customizer@65e3693e, org.springframework.boot.test.context.filter.ExcludeFilterContextCustomizer@71339b42, org.springframework.boot.test.json.DuplicateJsonObjectContextCustomizerFactory$DuplicateJsonObjectContextCustomizer@1ab4ba4c, org.springframework.boot.test.mock.mockito.MockitoContextCustomizer@957045cc], contextLoader = 'org.springframework.test.context.support.DelegatingSmartContextLoader', parent = [null]]]
21:15:18.293 [Test worker] DEBUG org.springframework.test.context.cache - Spring test ApplicationContext cache statistics: [DefaultContextCache@2f86b823 size = 2, maxSize = 32, parentContextCount = 0, hitCount = 32, missCount = 2]
21:15:18.293 [Test worker] DEBUG org.springframework.test.context.cache.DefaultCacheAwareContextLoaderDelegate - Retrieved ApplicationContext [382706969] from cache with key [[MergedContextConfiguration@710bbc76 testClass = TesteBatidasService, locations = '{}', classes = '{class com.example.folha.service.BatidasService}', contextInitializerClasses = '[]', activeProfiles = '{}', propertySourceLocations = '{}', propertySourceProperties = '{}', contextCustomizers = set[org.springframework.boot.test.autoconfigure.actuate.metrics.MetricsExportContextCustomizerFactory$DisableMetricExportContextCustomizer@449452b5, org.springframework.boot.test.autoconfigure.properties.PropertyMappingContextCustomizer@0, org.springframework.boot.test.autoconfigure.web.servlet.WebDriverContextCustomizerFactory$Customizer@65e3693e, org.springframework.boot.test.context.filter.ExcludeFilterContextCustomizer@71339b42, org.springframework.boot.test.json.DuplicateJsonObjectContextCustomizerFactory$DuplicateJsonObjectContextCustomizer@1ab4ba4c, org.springframework.boot.test.mock.mockito.MockitoContextCustomizer@957045cc], contextLoader = 'org.springframework.test.context.support.DelegatingSmartContextLoader', parent = [null]]]
21:15:18.293 [Test worker] DEBUG org.springframework.test.context.cache - Spring test ApplicationContext cache statistics: [DefaultContextCache@2f86b823 size = 2, maxSize = 32, parentContextCount = 0, hitCount = 33, missCount = 2]
21:15:18.294 [Test worker] DEBUG org.springframework.test.context.cache.DefaultCacheAwareContextLoaderDelegate - Retrieved ApplicationContext [382706969] from cache with key [[MergedContextConfiguration@710bbc76 testClass = TesteBatidasService, locations = '{}', classes = '{class com.example.folha.service.BatidasService}', contextInitializerClasses = '[]', activeProfiles = '{}', propertySourceLocations = '{}', propertySourceProperties = '{}', contextCustomizers = set[org.springframework.boot.test.autoconfigure.actuate.metrics.MetricsExportContextCustomizerFactory$DisableMetricExportContextCustomizer@449452b5, org.springframework.boot.test.autoconfigure.properties.PropertyMappingContextCustomizer@0, org.springframework.boot.test.autoconfigure.web.servlet.WebDriverContextCustomizerFactory$Customizer@65e3693e, org.springframework.boot.test.context.filter.ExcludeFilterContextCustomizer@71339b42, org.springframework.boot.test.json.DuplicateJsonObjectContextCustomizerFactory$DuplicateJsonObjectContextCustomizer@1ab4ba4c, org.springframework.boot.test.mock.mockito.MockitoContextCustomizer@957045cc], contextLoader = 'org.springframework.test.context.support.DelegatingSmartContextLoader', parent = [null]]]
21:15:18.294 [Test worker] DEBUG org.springframework.test.context.cache - Spring test ApplicationContext cache statistics: [DefaultContextCache@2f86b823 size = 2, maxSize = 32, parentContextCount = 0, hitCount = 34, missCount = 2]
21:15:18.295 [Test worker] DEBUG org.springframework.test.context.cache.DefaultCacheAwareContextLoaderDelegate - Retrieved ApplicationContext [382706969] from cache with key [[MergedContextConfiguration@710bbc76 testClass = TesteBatidasService, locations = '{}', classes = '{class com.example.folha.service.BatidasService}', contextInitializerClasses = '[]', activeProfiles = '{}', propertySourceLocations = '{}', propertySourceProperties = '{}', contextCustomizers = set[org.springframework.boot.test.autoconfigure.actuate.metrics.MetricsExportContextCustomizerFactory$DisableMetricExportContextCustomizer@449452b5, org.springframework.boot.test.autoconfigure.properties.PropertyMappingContextCustomizer@0, org.springframework.boot.test.autoconfigure.web.servlet.WebDriverContextCustomizerFactory$Customizer@65e3693e, org.springframework.boot.test.context.filter.ExcludeFilterContextCustomizer@71339b42, org.springframework.boot.test.json.DuplicateJsonObjectContextCustomizerFactory$DuplicateJsonObjectContextCustomizer@1ab4ba4c, org.springframework.boot.test.mock.mockito.MockitoContextCustomizer@957045cc], contextLoader = 'org.springframework.test.context.support.DelegatingSmartContextLoader', parent = [null]]]
21:15:18.296 [Test worker] DEBUG org.springframework.test.context.cache - Spring test ApplicationContext cache statistics: [DefaultContextCache@2f86b823 size = 2, maxSize = 32, parentContextCount = 0, hitCount = 35, missCount = 2]
21:15:18.297 [Test worker] DEBUG org.springframework.test.context.support.AbstractDirtiesContextTestExecutionListener - After test method: context [DefaultTestContext@5f90b287 testClass = TesteBatidasService, testInstance = com.example.folha.service.TesteBatidasService@5ca59244, testMethod = testValidaQuantidadeDeHorarios@TesteBatidasService, testException = [null], mergedContextConfiguration = [MergedContextConfiguration@710bbc76 testClass = TesteBatidasService, locations = '{}', classes = '{class com.example.folha.service.BatidasService}', contextInitializerClasses = '[]', activeProfiles = '{}', propertySourceLocations = '{}', propertySourceProperties = '{}', contextCustomizers = set[org.springframework.boot.test.autoconfigure.actuate.metrics.MetricsExportContextCustomizerFactory$DisableMetricExportContextCustomizer@449452b5, org.springframework.boot.test.autoconfigure.properties.PropertyMappingContextCustomizer@0, org.springframework.boot.test.autoconfigure.web.servlet.WebDriverContextCustomizerFactory$Customizer@65e3693e, org.springframework.boot.test.context.filter.ExcludeFilterContextCustomizer@71339b42, org.springframework.boot.test.json.DuplicateJsonObjectContextCustomizerFactory$DuplicateJsonObjectContextCustomizer@1ab4ba4c, org.springframework.boot.test.mock.mockito.MockitoContextCustomizer@957045cc], contextLoader = 'org.springframework.test.context.support.DelegatingSmartContextLoader', parent = [null]], attributes = map['org.springframework.test.context.event.ApplicationEventsTestExecutionListener.recordApplicationEvents' -> false]], class annotated with @DirtiesContext [false] with mode [null], method annotated with @DirtiesContext [false] with mode [null].
21:15:18.300 [Test worker] DEBUG org.springframework.test.context.cache.DefaultCacheAwareContextLoaderDelegate - Retrieved ApplicationContext [382706969] from cache with key [[MergedContextConfiguration@710bbc76 testClass = TesteBatidasService, locations = '{}', classes = '{class com.example.folha.service.BatidasService}', contextInitializerClasses = '[]', activeProfiles = '{}', propertySourceLocations = '{}', propertySourceProperties = '{}', contextCustomizers = set[org.springframework.boot.test.autoconfigure.actuate.metrics.MetricsExportContextCustomizerFactory$DisableMetricExportContextCustomizer@449452b5, org.springframework.boot.test.autoconfigure.properties.PropertyMappingContextCustomizer@0, org.springframework.boot.test.autoconfigure.web.servlet.WebDriverContextCustomizerFactory$Customizer@65e3693e, org.springframework.boot.test.context.filter.ExcludeFilterContextCustomizer@71339b42, org.springframework.boot.test.json.DuplicateJsonObjectContextCustomizerFactory$DuplicateJsonObjectContextCustomizer@1ab4ba4c, org.springframework.boot.test.mock.mockito.MockitoContextCustomizer@957045cc], contextLoader = 'org.springframework.test.context.support.DelegatingSmartContextLoader', parent = [null]]]
21:15:18.300 [Test worker] DEBUG org.springframework.test.context.cache - Spring test ApplicationContext cache statistics: [DefaultContextCache@2f86b823 size = 2, maxSize = 32, parentContextCount = 0, hitCount = 36, missCount = 2]
21:15:18.300 [Test worker] DEBUG org.springframework.test.context.support.DependencyInjectionTestExecutionListener - Performing dependency injection for test context [[DefaultTestContext@5f90b287 testClass = TesteBatidasService, testInstance = com.example.folha.service.TesteBatidasService@35f3a21c, testMethod = [null], testException = [null], mergedContextConfiguration = [MergedContextConfiguration@710bbc76 testClass = TesteBatidasService, locations = '{}', classes = '{class com.example.folha.service.BatidasService}', contextInitializerClasses = '[]', activeProfiles = '{}', propertySourceLocations = '{}', propertySourceProperties = '{}', contextCustomizers = set[org.springframework.boot.test.autoconfigure.actuate.metrics.MetricsExportContextCustomizerFactory$DisableMetricExportContextCustomizer@449452b5, org.springframework.boot.test.autoconfigure.properties.PropertyMappingContextCustomizer@0, org.springframework.boot.test.autoconfigure.web.servlet.WebDriverContextCustomizerFactory$Customizer@65e3693e, org.springframework.boot.test.context.filter.ExcludeFilterContextCustomizer@71339b42, org.springframework.boot.test.json.DuplicateJsonObjectContextCustomizerFactory$DuplicateJsonObjectContextCustomizer@1ab4ba4c, org.springframework.boot.test.mock.mockito.MockitoContextCustomizer@957045cc], contextLoader = 'org.springframework.test.context.support.DelegatingSmartContextLoader', parent = [null]], attributes = map['org.springframework.test.context.event.ApplicationEventsTestExecutionListener.recordApplicationEvents' -> false]]].
21:15:18.301 [Test worker] DEBUG org.springframework.test.context.cache.DefaultCacheAwareContextLoaderDelegate - Retrieved ApplicationContext [382706969] from cache with key [[MergedContextConfiguration@710bbc76 testClass = TesteBatidasService, locations = '{}', classes = '{class com.example.folha.service.BatidasService}', contextInitializerClasses = '[]', activeProfiles = '{}', propertySourceLocations = '{}', propertySourceProperties = '{}', contextCustomizers = set[org.springframework.boot.test.autoconfigure.actuate.metrics.MetricsExportContextCustomizerFactory$DisableMetricExportContextCustomizer@449452b5, org.springframework.boot.test.autoconfigure.properties.PropertyMappingContextCustomizer@0, org.springframework.boot.test.autoconfigure.web.servlet.WebDriverContextCustomizerFactory$Customizer@65e3693e, org.springframework.boot.test.context.filter.ExcludeFilterContextCustomizer@71339b42, org.springframework.boot.test.json.DuplicateJsonObjectContextCustomizerFactory$DuplicateJsonObjectContextCustomizer@1ab4ba4c, org.springframework.boot.test.mock.mockito.MockitoContextCustomizer@957045cc], contextLoader = 'org.springframework.test.context.support.DelegatingSmartContextLoader', parent = [null]]]
21:15:18.301 [Test worker] DEBUG org.springframework.test.context.cache - Spring test ApplicationContext cache statistics: [DefaultContextCache@2f86b823 size = 2, maxSize = 32, parentContextCount = 0, hitCount = 37, missCount = 2]
21:15:18.302 [Test worker] DEBUG org.springframework.test.context.cache.DefaultCacheAwareContextLoaderDelegate - Retrieved ApplicationContext [382706969] from cache with key [[MergedContextConfiguration@710bbc76 testClass = TesteBatidasService, locations = '{}', classes = '{class com.example.folha.service.BatidasService}', contextInitializerClasses = '[]', activeProfiles = '{}', propertySourceLocations = '{}', propertySourceProperties = '{}', contextCustomizers = set[org.springframework.boot.test.autoconfigure.actuate.metrics.MetricsExportContextCustomizerFactory$DisableMetricExportContextCustomizer@449452b5, org.springframework.boot.test.autoconfigure.properties.PropertyMappingContextCustomizer@0, org.springframework.boot.test.autoconfigure.web.servlet.WebDriverContextCustomizerFactory$Customizer@65e3693e, org.springframework.boot.test.context.filter.ExcludeFilterContextCustomizer@71339b42, org.springframework.boot.test.json.DuplicateJsonObjectContextCustomizerFactory$DuplicateJsonObjectContextCustomizer@1ab4ba4c, org.springframework.boot.test.mock.mockito.MockitoContextCustomizer@957045cc], contextLoader = 'org.springframework.test.context.support.DelegatingSmartContextLoader', parent = [null]]]
21:15:18.303 [Test worker] DEBUG org.springframework.test.context.cache - Spring test ApplicationContext cache statistics: [DefaultContextCache@2f86b823 size = 2, maxSize = 32, parentContextCount = 0, hitCount = 38, missCount = 2]
21:15:18.305 [Test worker] DEBUG org.springframework.test.context.support.AbstractDirtiesContextTestExecutionListener - Before test method: context [DefaultTestContext@5f90b287 testClass = TesteBatidasService, testInstance = com.example.folha.service.TesteBatidasService@35f3a21c, testMethod = testValidaHorarioJornadaTrabalho@TesteBatidasService, testException = [null], mergedContextConfiguration = [MergedContextConfiguration@710bbc76 testClass = TesteBatidasService, locations = '{}', classes = '{class com.example.folha.service.BatidasService}', contextInitializerClasses = '[]', activeProfiles = '{}', propertySourceLocations = '{}', propertySourceProperties = '{}', contextCustomizers = set[org.springframework.boot.test.autoconfigure.actuate.metrics.MetricsExportContextCustomizerFactory$DisableMetricExportContextCustomizer@449452b5, org.springframework.boot.test.autoconfigure.properties.PropertyMappingContextCustomizer@0, org.springframework.boot.test.autoconfigure.web.servlet.WebDriverContextCustomizerFactory$Customizer@65e3693e, org.springframework.boot.test.context.filter.ExcludeFilterContextCustomizer@71339b42, org.springframework.boot.test.json.DuplicateJsonObjectContextCustomizerFactory$DuplicateJsonObjectContextCustomizer@1ab4ba4c, org.springframework.boot.test.mock.mockito.MockitoContextCustomizer@957045cc], contextLoader = 'org.springframework.test.context.support.DelegatingSmartContextLoader', parent = [null]], attributes = map['org.springframework.test.context.event.ApplicationEventsTestExecutionListener.recordApplicationEvents' -> false]], class annotated with @DirtiesContext [false] with mode [null], method annotated with @DirtiesContext [false] with mode [null].
21:15:18.306 [Test worker] DEBUG org.springframework.test.context.cache.DefaultCacheAwareContextLoaderDelegate - Retrieved ApplicationContext [382706969] from cache with key [[MergedContextConfiguration@710bbc76 testClass = TesteBatidasService, locations = '{}', classes = '{class com.example.folha.service.BatidasService}', contextInitializerClasses = '[]', activeProfiles = '{}', propertySourceLocations = '{}', propertySourceProperties = '{}', contextCustomizers = set[org.springframework.boot.test.autoconfigure.actuate.metrics.MetricsExportContextCustomizerFactory$DisableMetricExportContextCustomizer@449452b5, org.springframework.boot.test.autoconfigure.properties.PropertyMappingContextCustomizer@0, org.springframework.boot.test.autoconfigure.web.servlet.WebDriverContextCustomizerFactory$Customizer@65e3693e, org.springframework.boot.test.context.filter.ExcludeFilterContextCustomizer@71339b42, org.springframework.boot.test.json.DuplicateJsonObjectContextCustomizerFactory$DuplicateJsonObjectContextCustomizer@1ab4ba4c, org.springframework.boot.test.mock.mockito.MockitoContextCustomizer@957045cc], contextLoader = 'org.springframework.test.context.support.DelegatingSmartContextLoader', parent = [null]]]
21:15:18.306 [Test worker] DEBUG org.springframework.test.context.cache - Spring test ApplicationContext cache statistics: [DefaultContextCache@2f86b823 size = 2, maxSize = 32, parentContextCount = 0, hitCount = 39, missCount = 2]
21:15:18.308 [Test worker] DEBUG org.springframework.test.context.cache.DefaultCacheAwareContextLoaderDelegate - Retrieved ApplicationContext [382706969] from cache with key [[MergedContextConfiguration@710bbc76 testClass = TesteBatidasService, locations = '{}', classes = '{class com.example.folha.service.BatidasService}', contextInitializerClasses = '[]', activeProfiles = '{}', propertySourceLocations = '{}', propertySourceProperties = '{}', contextCustomizers = set[org.springframework.boot.test.autoconfigure.actuate.metrics.MetricsExportContextCustomizerFactory$DisableMetricExportContextCustomizer@449452b5, org.springframework.boot.test.autoconfigure.properties.PropertyMappingContextCustomizer@0, org.springframework.boot.test.autoconfigure.web.servlet.WebDriverContextCustomizerFactory$Customizer@65e3693e, org.springframework.boot.test.context.filter.ExcludeFilterContextCustomizer@71339b42, org.springframework.boot.test.json.DuplicateJsonObjectContextCustomizerFactory$DuplicateJsonObjectContextCustomizer@1ab4ba4c, org.springframework.boot.test.mock.mockito.MockitoContextCustomizer@957045cc], contextLoader = 'org.springframework.test.context.support.DelegatingSmartContextLoader', parent = [null]]]
21:15:18.308 [Test worker] DEBUG org.springframework.test.context.cache - Spring test ApplicationContext cache statistics: [DefaultContextCache@2f86b823 size = 2, maxSize = 32, parentContextCount = 0, hitCount = 40, missCount = 2]
21:15:18.309 [Test worker] DEBUG org.springframework.test.context.cache.DefaultCacheAwareContextLoaderDelegate - Retrieved ApplicationContext [382706969] from cache with key [[MergedContextConfiguration@710bbc76 testClass = TesteBatidasService, locations = '{}', classes = '{class com.example.folha.service.BatidasService}', contextInitializerClasses = '[]', activeProfiles = '{}', propertySourceLocations = '{}', propertySourceProperties = '{}', contextCustomizers = set[org.springframework.boot.test.autoconfigure.actuate.metrics.MetricsExportContextCustomizerFactory$DisableMetricExportContextCustomizer@449452b5, org.springframework.boot.test.autoconfigure.properties.PropertyMappingContextCustomizer@0, org.springframework.boot.test.autoconfigure.web.servlet.WebDriverContextCustomizerFactory$Customizer@65e3693e, org.springframework.boot.test.context.filter.ExcludeFilterContextCustomizer@71339b42, org.springframework.boot.test.json.DuplicateJsonObjectContextCustomizerFactory$DuplicateJsonObjectContextCustomizer@1ab4ba4c, org.springframework.boot.test.mock.mockito.MockitoContextCustomizer@957045cc], contextLoader = 'org.springframework.test.context.support.DelegatingSmartContextLoader', parent = [null]]]
21:15:18.309 [Test worker] DEBUG org.springframework.test.context.cache - Spring test ApplicationContext cache statistics: [DefaultContextCache@2f86b823 size = 2, maxSize = 32, parentContextCount = 0, hitCount = 41, missCount = 2]
21:15:18.314 [Test worker] DEBUG org.springframework.test.context.cache.DefaultCacheAwareContextLoaderDelegate - Retrieved ApplicationContext [382706969] from cache with key [[MergedContextConfiguration@710bbc76 testClass = TesteBatidasService, locations = '{}', classes = '{class com.example.folha.service.BatidasService}', contextInitializerClasses = '[]', activeProfiles = '{}', propertySourceLocations = '{}', propertySourceProperties = '{}', contextCustomizers = set[org.springframework.boot.test.autoconfigure.actuate.metrics.MetricsExportContextCustomizerFactory$DisableMetricExportContextCustomizer@449452b5, org.springframework.boot.test.autoconfigure.properties.PropertyMappingContextCustomizer@0, org.springframework.boot.test.autoconfigure.web.servlet.WebDriverContextCustomizerFactory$Customizer@65e3693e, org.springframework.boot.test.context.filter.ExcludeFilterContextCustomizer@71339b42, org.springframework.boot.test.json.DuplicateJsonObjectContextCustomizerFactory$DuplicateJsonObjectContextCustomizer@1ab4ba4c, org.springframework.boot.test.mock.mockito.MockitoContextCustomizer@957045cc], contextLoader = 'org.springframework.test.context.support.DelegatingSmartContextLoader', parent = [null]]]
21:15:18.314 [Test worker] DEBUG org.springframework.test.context.cache - Spring test ApplicationContext cache statistics: [DefaultContextCache@2f86b823 size = 2, maxSize = 32, parentContextCount = 0, hitCount = 42, missCount = 2]
21:15:18.315 [Test worker] DEBUG org.springframework.test.context.cache.DefaultCacheAwareContextLoaderDelegate - Retrieved ApplicationContext [382706969] from cache with key [[MergedContextConfiguration@710bbc76 testClass = TesteBatidasService, locations = '{}', classes = '{class com.example.folha.service.BatidasService}', contextInitializerClasses = '[]', activeProfiles = '{}', propertySourceLocations = '{}', propertySourceProperties = '{}', contextCustomizers = set[org.springframework.boot.test.autoconfigure.actuate.metrics.MetricsExportContextCustomizerFactory$DisableMetricExportContextCustomizer@449452b5, org.springframework.boot.test.autoconfigure.properties.PropertyMappingContextCustomizer@0, org.springframework.boot.test.autoconfigure.web.servlet.WebDriverContextCustomizerFactory$Customizer@65e3693e, org.springframework.boot.test.context.filter.ExcludeFilterContextCustomizer@71339b42, org.springframework.boot.test.json.DuplicateJsonObjectContextCustomizerFactory$DuplicateJsonObjectContextCustomizer@1ab4ba4c, org.springframework.boot.test.mock.mockito.MockitoContextCustomizer@957045cc], contextLoader = 'org.springframework.test.context.support.DelegatingSmartContextLoader', parent = [null]]]
21:15:18.316 [Test worker] DEBUG org.springframework.test.context.cache - Spring test ApplicationContext cache statistics: [DefaultContextCache@2f86b823 size = 2, maxSize = 32, parentContextCount = 0, hitCount = 43, missCount = 2]
21:15:18.318 [Test worker] DEBUG org.springframework.test.context.cache.DefaultCacheAwareContextLoaderDelegate - Retrieved ApplicationContext [382706969] from cache with key [[MergedContextConfiguration@710bbc76 testClass = TesteBatidasService, locations = '{}', classes = '{class com.example.folha.service.BatidasService}', contextInitializerClasses = '[]', activeProfiles = '{}', propertySourceLocations = '{}', propertySourceProperties = '{}', contextCustomizers = set[org.springframework.boot.test.autoconfigure.actuate.metrics.MetricsExportContextCustomizerFactory$DisableMetricExportContextCustomizer@449452b5, org.springframework.boot.test.autoconfigure.properties.PropertyMappingContextCustomizer@0, org.springframework.boot.test.autoconfigure.web.servlet.WebDriverContextCustomizerFactory$Customizer@65e3693e, org.springframework.boot.test.context.filter.ExcludeFilterContextCustomizer@71339b42, org.springframework.boot.test.json.DuplicateJsonObjectContextCustomizerFactory$DuplicateJsonObjectContextCustomizer@1ab4ba4c, org.springframework.boot.test.mock.mockito.MockitoContextCustomizer@957045cc], contextLoader = 'org.springframework.test.context.support.DelegatingSmartContextLoader', parent = [null]]]
21:15:18.318 [Test worker] DEBUG org.springframework.test.context.cache - Spring test ApplicationContext cache statistics: [DefaultContextCache@2f86b823 size = 2, maxSize = 32, parentContextCount = 0, hitCount = 44, missCount = 2]
21:15:18.319 [Test worker] DEBUG org.springframework.test.context.cache.DefaultCacheAwareContextLoaderDelegate - Retrieved ApplicationContext [382706969] from cache with key [[MergedContextConfiguration@710bbc76 testClass = TesteBatidasService, locations = '{}', classes = '{class com.example.folha.service.BatidasService}', contextInitializerClasses = '[]', activeProfiles = '{}', propertySourceLocations = '{}', propertySourceProperties = '{}', contextCustomizers = set[org.springframework.boot.test.autoconfigure.actuate.metrics.MetricsExportContextCustomizerFactory$DisableMetricExportContextCustomizer@449452b5, org.springframework.boot.test.autoconfigure.properties.PropertyMappingContextCustomizer@0, org.springframework.boot.test.autoconfigure.web.servlet.WebDriverContextCustomizerFactory$Customizer@65e3693e, org.springframework.boot.test.context.filter.ExcludeFilterContextCustomizer@71339b42, org.springframework.boot.test.json.DuplicateJsonObjectContextCustomizerFactory$DuplicateJsonObjectContextCustomizer@1ab4ba4c, org.springframework.boot.test.mock.mockito.MockitoContextCustomizer@957045cc], contextLoader = 'org.springframework.test.context.support.DelegatingSmartContextLoader', parent = [null]]]
21:15:18.320 [Test worker] DEBUG org.springframework.test.context.cache - Spring test ApplicationContext cache statistics: [DefaultContextCache@2f86b823 size = 2, maxSize = 32, parentContextCount = 0, hitCount = 45, missCount = 2]
21:15:18.321 [Test worker] DEBUG org.springframework.test.context.cache.DefaultCacheAwareContextLoaderDelegate - Retrieved ApplicationContext [382706969] from cache with key [[MergedContextConfiguration@710bbc76 testClass = TesteBatidasService, locations = '{}', classes = '{class com.example.folha.service.BatidasService}', contextInitializerClasses = '[]', activeProfiles = '{}', propertySourceLocations = '{}', propertySourceProperties = '{}', contextCustomizers = set[org.springframework.boot.test.autoconfigure.actuate.metrics.MetricsExportContextCustomizerFactory$DisableMetricExportContextCustomizer@449452b5, org.springframework.boot.test.autoconfigure.properties.PropertyMappingContextCustomizer@0, org.springframework.boot.test.autoconfigure.web.servlet.WebDriverContextCustomizerFactory$Customizer@65e3693e, org.springframework.boot.test.context.filter.ExcludeFilterContextCustomizer@71339b42, org.springframework.boot.test.json.DuplicateJsonObjectContextCustomizerFactory$DuplicateJsonObjectContextCustomizer@1ab4ba4c, org.springframework.boot.test.mock.mockito.MockitoContextCustomizer@957045cc], contextLoader = 'org.springframework.test.context.support.DelegatingSmartContextLoader', parent = [null]]]
21:15:18.321 [Test worker] DEBUG org.springframework.test.context.cache - Spring test ApplicationContext cache statistics: [DefaultContextCache@2f86b823 size = 2, maxSize = 32, parentContextCount = 0, hitCount = 46, missCount = 2]
21:15:18.323 [Test worker] DEBUG org.springframework.test.context.cache.DefaultCacheAwareContextLoaderDelegate - Retrieved ApplicationContext [382706969] from cache with key [[MergedContextConfiguration@710bbc76 testClass = TesteBatidasService, locations = '{}', classes = '{class com.example.folha.service.BatidasService}', contextInitializerClasses = '[]', activeProfiles = '{}', propertySourceLocations = '{}', propertySourceProperties = '{}', contextCustomizers = set[org.springframework.boot.test.autoconfigure.actuate.metrics.MetricsExportContextCustomizerFactory$DisableMetricExportContextCustomizer@449452b5, org.springframework.boot.test.autoconfigure.properties.PropertyMappingContextCustomizer@0, org.springframework.boot.test.autoconfigure.web.servlet.WebDriverContextCustomizerFactory$Customizer@65e3693e, org.springframework.boot.test.context.filter.ExcludeFilterContextCustomizer@71339b42, org.springframework.boot.test.json.DuplicateJsonObjectContextCustomizerFactory$DuplicateJsonObjectContextCustomizer@1ab4ba4c, org.springframework.boot.test.mock.mockito.MockitoContextCustomizer@957045cc], contextLoader = 'org.springframework.test.context.support.DelegatingSmartContextLoader', parent = [null]]]
21:15:18.324 [Test worker] DEBUG org.springframework.test.context.cache - Spring test ApplicationContext cache statistics: [DefaultContextCache@2f86b823 size = 2, maxSize = 32, parentContextCount = 0, hitCount = 47, missCount = 2]
[...]
21:15:18.524 [Test worker] DEBUG org.springframework.test.context.cache - Spring test ApplicationContext cache statistics: [DefaultContextCache@2f86b823 size = 2, maxSize = 32, parentContextCount = 0, hitCount = 122, missCount = 2]
21:15:18.526 [Test worker] DEBUG org.springframework.test.context.support.AbstractDirtiesContextTestExecutionListener - Before test method: context [DefaultTestContext@5f90b287 testClass = TesteBatidasService, testInstance = com.example.folha.service.TesteBatidasService@656b0f60, testMethod = testHorariosRegistradosPorDia@TesteBatidasService, testException = [null], mergedContextConfiguration = [MergedContextConfiguration@710bbc76 testClass = TesteBatidasService, locations = '{}', classes = '{class com.example.folha.service.BatidasService}', contextInitializerClasses = '[]', activeProfiles = '{}', propertySourceLocations = '{}', propertySourceProperties = '{}', contextCustomizers = set[org.springframework.boot.test.autoconfigure.actuate.metrics.MetricsExportContextCustomizerFactory$DisableMetricExportContextCustomizer@449452b5, org.springframework.boot.test.autoconfigure.properties.PropertyMappingContextCustomizer@0, org.springframework.boot.test.autoconfigure.web.servlet.WebDriverContextCustomizerFactory$Customizer@65e3693e, org.springframework.boot.test.context.filter.ExcludeFilterContextCustomizer@71339b42, org.springframework.boot.test.json.DuplicateJsonObjectContextCustomizerFactory$DuplicateJsonObjectContextCustomizer@1ab4ba4c, org.springframework.boot.test.mock.mockito.MockitoContextCustomizer@957045cc], contextLoader = 'org.springframework.test.context.support.DelegatingSmartContextLoader', parent = [null]], attributes = map['org.springframework.test.context.event.ApplicationEventsTestExecutionListener.recordApplicationEvents' -> false]], class annotated with @DirtiesContext [false] with mode [null], method annotated with @DirtiesContext [false] with mode [null].
21:15:18.529 [Test worker] DEBUG org.springframework.test.context.cache.DefaultCacheAwareContextLoaderDelegate - Retrieved ApplicationContext [382706969] from cache with key [[MergedContextConfiguration@710bbc76 testClass = TesteBatidasService, locations = '{}', classes = '{class com.example.folha.service.BatidasService}', contextInitializerClasses = '[]', activeProfiles = '{}', propertySourceLocations = '{}', propertySourceProperties = '{}', contextCustomizers = set[org.springframework.boot.test.autoconfigure.actuate.metrics.MetricsExportContextCustomizerFactory$DisableMetricExportContextCustomizer@449452b5, org.springframework.boot.test.autoconfigure.properties.PropertyMappingContextCustomizer@0, org.springframework.boot.test.autoconfigure.web.servlet.WebDriverContextCustomizerFactory$Customizer@65e3693e, org.springframework.boot.test.context.filter.ExcludeFilterContextCustomizer@71339b42, org.springframework.boot.test.json.DuplicateJsonObjectContextCustomizerFactory$DuplicateJsonObjectContextCustomizer@1ab4ba4c, org.springframework.boot.test.mock.mockito.MockitoContextCustomizer@957045cc], contextLoader = 'org.springframework.test.context.support.DelegatingSmartContextLoader', parent = [null]]]
21:15:18.529 [Test worker] DEBUG org.springframework.test.context.cache - Spring test ApplicationContext cache statistics: [DefaultContextCache@2f86b823 size = 2, maxSize = 32, parentContextCount = 0, hitCount = 123, missCount = 2]
21:15:18.530 [Test worker] DEBUG org.springframework.test.context.cache.DefaultCacheAwareContextLoaderDelegate - Retrieved ApplicationContext [382706969] from cache with key [[MergedContextConfiguration@710bbc76 testClass = TesteBatidasService, locations = '{}', classes = '{class com.example.folha.service.BatidasService}', contextInitializerClasses = '[]', activeProfiles = '{}', propertySourceLocations = '{}', propertySourceProperties = '{}', contextCustomizers = set[org.springframework.boot.test.autoconfigure.actuate.metrics.MetricsExportContextCustomizerFactory$DisableMetricExportContextCustomizer@449452b5, org.springframework.boot.test.autoconfigure.properties.PropertyMappingContextCustomizer@0, org.springframework.boot.test.autoconfigure.web.servlet.WebDriverContextCustomizerFactory$Customizer@65e3693e, org.springframework.boot.test.context.filter.ExcludeFilterContextCustomizer@71339b42, org.springframework.boot.test.json.DuplicateJsonObjectContextCustomizerFactory$DuplicateJsonObjectContextCustomizer@1ab4ba4c, org.springframework.boot.test.mock.mockito.MockitoContextCustomizer@957045cc], contextLoader = 'org.springframework.test.context.support.DelegatingSmartContextLoader', parent = [null]]]
21:15:18.531 [Test worker] DEBUG org.springframework.test.context.cache - Spring test ApplicationContext cache statistics: [DefaultContextCache@2f86b823 size = 2, maxSize = 32, parentContextCount = 0, hitCount = 124, missCount = 2]
21:15:18.532 [Test worker] DEBUG org.springframework.test.context.cache.DefaultCacheAwareContextLoaderDelegate - Retrieved ApplicationContext [382706969] from cache with key [[MergedContextConfiguration@710bbc76 testClass = TesteBatidasService, locations = '{}', classes = '{class com.example.folha.service.BatidasService}', contextInitializerClasses = '[]', activeProfiles = '{}', propertySourceLocations = '{}', propertySourceProperties = '{}', contextCustomizers = set[org.springframework.boot.test.autoconfigure.actuate.metrics.MetricsExportContextCustomizerFactory$DisableMetricExportContextCustomizer@449452b5, org.springframework.boot.test.autoconfigure.properties.PropertyMappingContextCustomizer@0, org.springframework.boot.test.autoconfigure.web.servlet.WebDriverContextCustomizerFactory$Customizer@65e3693e, org.springframework.boot.test.context.filter.ExcludeFilterContextCustomizer@71339b42, org.springframework.boot.test.json.DuplicateJsonObjectContextCustomizerFactory$DuplicateJsonObjectContextCustomizer@1ab4ba4c, org.springframework.boot.test.mock.mockito.MockitoContextCustomizer@957045cc], contextLoader = 'org.springframework.test.context.support.DelegatingSmartContextLoader', parent = [null]]]
21:15:18.532 [Test worker] DEBUG org.springframework.test.context.cache - Spring test ApplicationContext cache statistics: [DefaultContextCache@2f86b823 size = 2, maxSize = 32, parentContextCount = 0, hitCount = 125, missCount = 2]
21:15:18.534 [Test worker] DEBUG org.springframework.test.context.cache.DefaultCacheAwareContextLoaderDelegate - Retrieved ApplicationContext [382706969] from cache with key [[MergedContextConfiguration@710bbc76 testClass = TesteBatidasService, locations = '{}', classes = '{class com.example.folha.service.BatidasService}', contextInitializerClasses = '[]', activeProfiles = '{}', propertySourceLocations = '{}', propertySourceProperties = '{}', contextCustomizers = set[org.springframework.boot.test.autoconfigure.actuate.metrics.MetricsExportContextCustomizerFactory$DisableMetricExportContextCustomizer@449452b5, org.springframework.boot.test.autoconfigure.properties.PropertyMappingContextCustomizer@0, org.springframework.boot.test.autoconfigure.web.servlet.WebDriverContextCustomizerFactory$Customizer@65e3693e, org.springframework.boot.test.context.filter.ExcludeFilterContextCustomizer@71339b42, org.springframework.boot.test.json.DuplicateJsonObjectContextCustomizerFactory$DuplicateJsonObjectContextCustomizer@1ab4ba4c, org.springframework.boot.test.mock.mockito.MockitoContextCustomizer@957045cc], contextLoader = 'org.springframework.test.context.support.DelegatingSmartContextLoader', parent = [null]]]
21:15:18.534 [Test worker] DEBUG org.springframework.test.context.cache - Spring test ApplicationContext cache statistics: [DefaultContextCache@2f86b823 size = 2, maxSize = 32, parentContextCount = 0, hitCount = 126, missCount = 2]
21:15:18.535 [Test worker] DEBUG org.springframework.test.context.cache.DefaultCacheAwareContextLoaderDelegate - Retrieved ApplicationContext [382706969] from cache with key [[MergedContextConfiguration@710bbc76 testClass = TesteBatidasService, locations = '{}', classes = '{class com.example.folha.service.BatidasService}', contextInitializerClasses = '[]', activeProfiles = '{}', propertySourceLocations = '{}', propertySourceProperties = '{}', contextCustomizers = set[org.springframework.boot.test.autoconfigure.actuate.metrics.MetricsExportContextCustomizerFactory$DisableMetricExportContextCustomizer@449452b5, org.springframework.boot.test.autoconfigure.properties.PropertyMappingContextCustomizer@0, org.springframework.boot.test.autoconfigure.web.servlet.WebDriverContextCustomizerFactory$Customizer@65e3693e, org.springframework.boot.test.context.filter.ExcludeFilterContextCustomizer@71339b42, org.springframework.boot.test.json.DuplicateJsonObjectContextCustomizerFactory$DuplicateJsonObjectContextCustomizer@1ab4ba4c, org.springframework.boot.test.mock.mockito.MockitoContextCustomizer@957045cc], contextLoader = 'org.springframework.test.context.support.DelegatingSmartContextLoader', parent = [null]]]
21:15:18.535 [Test worker] DEBUG org.springframework.test.context.cache - Spring test ApplicationContext cache statistics: [DefaultContextCache@2f86b823 size = 2, maxSize = 32, parentContextCount = 0, hitCount = 127, missCount = 2]
21:15:18.537 [Test worker] DEBUG org.springframework.test.context.cache.DefaultCacheAwareContextLoaderDelegate - Retrieved ApplicationContext [382706969] from cache with key [[MergedContextConfiguration@710bbc76 testClass = TesteBatidasService, locations = '{}', classes = '{class com.example.folha.service.BatidasService}', contextInitializerClasses = '[]', activeProfiles = '{}', propertySourceLocations = '{}', propertySourceProperties = '{}', contextCustomizers = set[org.springframework.boot.test.autoconfigure.actuate.metrics.MetricsExportContextCustomizerFactory$DisableMetricExportContextCustomizer@449452b5, org.springframework.boot.test.autoconfigure.properties.PropertyMappingContextCustomizer@0, org.springframework.boot.test.autoconfigure.web.servlet.WebDriverContextCustomizerFactory$Customizer@65e3693e, org.springframework.boot.test.context.filter.ExcludeFilterContextCustomizer@71339b42, org.springframework.boot.test.json.DuplicateJsonObjectContextCustomizerFactory$DuplicateJsonObjectContextCustomizer@1ab4ba4c, org.springframework.boot.test.mock.mockito.MockitoContextCustomizer@957045cc], contextLoader = 'org.springframework.test.context.support.DelegatingSmartContextLoader', parent = [null]]]
21:15:18.537 [Test worker] DEBUG org.springframework.test.context.cache - Spring test ApplicationContext cache statistics: [DefaultContextCache@2f86b823 size = 2, maxSize = 32, parentContextCount = 0, hitCount = 128, missCount = 2]
21:15:18.537 [Test worker] DEBUG org.springframework.test.context.cache.DefaultCacheAwareContextLoaderDelegate - Retrieved ApplicationContext [382706969] from cache with key [[MergedContextConfiguration@710bbc76 testClass = TesteBatidasService, locations = '{}', classes = '{class com.example.folha.service.BatidasService}', contextInitializerClasses = '[]', activeProfiles = '{}', propertySourceLocations = '{}', propertySourceProperties = '{}', contextCustomizers = set[org.springframework.boot.test.autoconfigure.actuate.metrics.MetricsExportContextCustomizerFactory$DisableMetricExportContextCustomizer@449452b5, org.springframework.boot.test.autoconfigure.properties.PropertyMappingContextCustomizer@0, org.springframework.boot.test.autoconfigure.web.servlet.WebDriverContextCustomizerFactory$Customizer@65e3693e, org.springframework.boot.test.context.filter.ExcludeFilterContextCustomizer@71339b42, org.springframework.boot.test.json.DuplicateJsonObjectContextCustomizerFactory$DuplicateJsonObjectContextCustomizer@1ab4ba4c, org.springframework.boot.test.mock.mockito.MockitoContextCustomizer@957045cc], contextLoader = 'org.springframework.test.context.support.DelegatingSmartContextLoader', parent = [null]]]
21:15:18.537 [Test worker] DEBUG org.springframework.test.context.cache - Spring test ApplicationContext cache statistics: [DefaultContextCache@2f86b823 size = 2, maxSize = 32, parentContextCount = 0, hitCount = 129, missCount = 2]
21:15:18.538 [Test worker] DEBUG org.springframework.test.context.cache.DefaultCacheAwareContextLoaderDelegate - Retrieved ApplicationContext [382706969] from cache with key [[MergedContextConfiguration@710bbc76 testClass = TesteBatidasService, locations = '{}', classes = '{class com.example.folha.service.BatidasService}', contextInitializerClasses = '[]', activeProfiles = '{}', propertySourceLocations = '{}', propertySourceProperties = '{}', contextCustomizers = set[org.springframework.boot.test.autoconfigure.actuate.metrics.MetricsExportContextCustomizerFactory$DisableMetricExportContextCustomizer@449452b5, org.springframework.boot.test.autoconfigure.properties.PropertyMappingContextCustomizer@0, org.springframework.boot.test.autoconfigure.web.servlet.WebDriverContextCustomizerFactory$Customizer@65e3693e, org.springframework.boot.test.context.filter.ExcludeFilterContextCustomizer@71339b42, org.springframework.boot.test.json.DuplicateJsonObjectContextCustomizerFactory$DuplicateJsonObjectContextCustomizer@1ab4ba4c, org.springframework.boot.test.mock.mockito.MockitoContextCustomizer@957045cc], contextLoader = 'org.springframework.test.context.support.DelegatingSmartContextLoader', parent = [null]]]
21:15:18.538 [Test worker] DEBUG org.springframework.test.context.cache - Spring test ApplicationContext cache statistics: [DefaultContextCache@2f86b823 size = 2, maxSize = 32, parentContextCount = 0, hitCount = 130, missCount = 2]
21:15:18.540 [Test worker] DEBUG org.springframework.test.context.cache.DefaultCacheAwareContextLoaderDelegate - Retrieved ApplicationContext [382706969] from cache with key [[MergedContextConfiguration@710bbc76 testClass = TesteBatidasService, locations = '{}', classes = '{class com.example.folha.service.BatidasService}', contextInitializerClasses = '[]', activeProfiles = '{}', propertySourceLocations = '{}', propertySourceProperties = '{}', contextCustomizers = set[org.springframework.boot.test.autoconfigure.actuate.metrics.MetricsExportContextCustomizerFactory$DisableMetricExportContextCustomizer@449452b5, org.springframework.boot.test.autoconfigure.properties.PropertyMappingContextCustomizer@0, org.springframework.boot.test.autoconfigure.web.servlet.WebDriverContextCustomizerFactory$Customizer@65e3693e, org.springframework.boot.test.context.filter.ExcludeFilterContextCustomizer@71339b42, org.springframework.boot.test.json.DuplicateJsonObjectContextCustomizerFactory$DuplicateJsonObjectContextCustomizer@1ab4ba4c, org.springframework.boot.test.mock.mockito.MockitoContextCustomizer@957045cc], contextLoader = 'org.springframework.test.context.support.DelegatingSmartContextLoader', parent = [null]]]
21:15:18.540 [Test worker] DEBUG org.springframework.test.context.cache - Spring test ApplicationContext cache statistics: [DefaultContextCache@2f86b823 size = 2, maxSize = 32, parentContextCount = 0, hitCount = 131, missCount = 2]
21:15:18.541 [Test worker] DEBUG org.springframework.test.context.support.AbstractDirtiesContextTestExecutionListener - After test method: context [DefaultTestContext@5f90b287 testClass = TesteBatidasService, testInstance = com.example.folha.service.TesteBatidasService@656b0f60, testMethod = testHorariosRegistradosPorDia@TesteBatidasService, testException = [null], mergedContextConfiguration = [MergedContextConfiguration@710bbc76 testClass = TesteBatidasService, locations = '{}', classes = '{class com.example.folha.service.BatidasService}', contextInitializerClasses = '[]', activeProfiles = '{}', propertySourceLocations = '{}', propertySourceProperties = '{}', contextCustomizers = set[org.springframework.boot.test.autoconfigure.actuate.metrics.MetricsExportContextCustomizerFactory$DisableMetricExportContextCustomizer@449452b5, org.springframework.boot.test.autoconfigure.properties.PropertyMappingContextCustomizer@0, org.springframework.boot.test.autoconfigure.web.servlet.WebDriverContextCustomizerFactory$Customizer@65e3693e, org.springframework.boot.test.context.filter.ExcludeFilterContextCustomizer@71339b42, org.springframework.boot.test.json.DuplicateJsonObjectContextCustomizerFactory$DuplicateJsonObjectContextCustomizer@1ab4ba4c, org.springframework.boot.test.mock.mockito.MockitoContextCustomizer@957045cc], contextLoader = 'org.springframework.test.context.support.DelegatingSmartContextLoader', parent = [null]], attributes = map['org.springframework.test.context.event.ApplicationEventsTestExecutionListener.recordApplicationEvents' -> false]], class annotated with @DirtiesContext [false] with mode [null], method annotated with @DirtiesContext [false] with mode [null].
21:15:18.542 [Test worker] DEBUG org.springframework.test.context.cache.DefaultCacheAwareContextLoaderDelegate - Retrieved ApplicationContext [382706969] from cache with key [[MergedContextConfiguration@710bbc76 testClass = TesteBatidasService, locations = '{}', classes = '{class com.example.folha.service.BatidasService}', contextInitializerClasses = '[]', activeProfiles = '{}', propertySourceLocations = '{}', propertySourceProperties = '{}', contextCustomizers = set[org.springframework.boot.test.autoconfigure.actuate.metrics.MetricsExportContextCustomizerFactory$DisableMetricExportContextCustomizer@449452b5, org.springframework.boot.test.autoconfigure.properties.PropertyMappingContextCustomizer@0, org.springframework.boot.test.autoconfigure.web.servlet.WebDriverContextCustomizerFactory$Customizer@65e3693e, org.springframework.boot.test.context.filter.ExcludeFilterContextCustomizer@71339b42, org.springframework.boot.test.json.DuplicateJsonObjectContextCustomizerFactory$DuplicateJsonObjectContextCustomizer@1ab4ba4c, org.springframework.boot.test.mock.mockito.MockitoContextCustomizer@957045cc], contextLoader = 'org.springframework.test.context.support.DelegatingSmartContextLoader', parent = [null]]]
21:15:18.543 [Test worker] DEBUG org.springframework.test.context.cache - Spring test ApplicationContext cache statistics: [DefaultContextCache@2f86b823 size = 2, maxSize = 32, parentContextCount = 0, hitCount = 132, missCount = 2]
21:15:18.543 [Test worker] DEBUG org.springframework.test.context.support.AbstractDirtiesContextTestExecutionListener - After test class: context [DefaultTestContext@5f90b287 testClass = TesteBatidasService, testInstance = [null], testMethod = [null], testException = [null], mergedContextConfiguration = [MergedContextConfiguration@710bbc76 testClass = TesteBatidasService, locations = '{}', classes = '{class com.example.folha.service.BatidasService}', contextInitializerClasses = '[]', activeProfiles = '{}', propertySourceLocations = '{}', propertySourceProperties = '{}', contextCustomizers = set[org.springframework.boot.test.autoconfigure.actuate.metrics.MetricsExportContextCustomizerFactory$DisableMetricExportContextCustomizer@449452b5, org.springframework.boot.test.autoconfigure.properties.PropertyMappingContextCustomizer@0, org.springframework.boot.test.autoconfigure.web.servlet.WebDriverContextCustomizerFactory$Customizer@65e3693e, org.springframework.boot.test.context.filter.ExcludeFilterContextCustomizer@71339b42, org.springframework.boot.test.json.DuplicateJsonObjectContextCustomizerFactory$DuplicateJsonObjectContextCustomizer@1ab4ba4c, org.springframework.boot.test.mock.mockito.MockitoContextCustomizer@957045cc], contextLoader = 'org.springframework.test.context.support.DelegatingSmartContextLoader', parent = [null]], attributes = map['org.springframework.test.context.event.ApplicationEventsTestExecutionListener.recordApplicationEvents' -> false]], class annotated with @DirtiesContext [false] with mode [null].
]]></system-out>
  <system-err><![CDATA[]]></system-err>
</testsuite>
